<?xml version="1.0" encoding="UTF-8"?>
<!-- Generated by org.testng.reporters.JUnitReportReporter -->
<testsuite hostname="jamals-MacBook-Pro-2.local" name="com.platform.project.tests.HomePageTest" tests="1" failures="0" timestamp="21 Jun 2020 05:58:12 GMT" time="5.155" errors="0">
  <testcase name="checkHomePage" time="5.155" classname="com.platform.project.tests.HomePageTest"/>
</testsuite> <!-- com.platform.project.tests.HomePageTest -->
