<?xml version="1.0" encoding="UTF-8"?>
<!-- Generated by org.testng.reporters.JUnitReportReporter -->
<testsuite hostname="jamals-MacBook-Pro-2.local" name="com.platform.project.tests.HomePageTest" tests="2" failures="0" timestamp="18 Jun 2020 04:23:44 GMT" time="6.052" errors="0">
  <testcase name="checkHomePage" time="1.952" classname="com.platform.project.tests.HomePageTest"/>
  <testcase name="loginFailure" time="4.100" classname="com.platform.project.tests.HomePageTest"/>
</testsuite> <!-- com.platform.project.tests.HomePageTest -->
